<?xml version="1.0" encoding="UTF-8"?>
<!-- Generated by org.testng.reporters.JUnitReportReporter -->
<testsuite hostname="DESKTOP-286GMCI" failures="0" tests="1" name="demo.naukari" time="10.521" errors="0" timestamp="2023-04-02T15:40:06 IST" skipped="0">
  <testcase classname="demo.naukari" name="TC_001" time="10.521"/>
  <system-out/>
</testsuite> <!-- demo.naukari -->
