<?xml version="1.0" encoding="UTF-8"?>
<!-- Generated by org.testng.reporters.JUnitReportReporter -->
<testsuite hostname="DESKTOP-286GMCI" failures="0" tests="1" name="Rahul_Shetty.test1" time="9.119" errors="0" timestamp="2023-04-04T22:40:44 IST" skipped="0">
  <testcase classname="Rahul_Shetty.test1" name="TC_001" time="9.119"/>
  <system-out/>
</testsuite> <!-- Rahul_Shetty.test1 -->
