<?xml version="1.0" encoding="UTF-8"?>
<!-- Generated by org.testng.reporters.JUnitReportReporter -->
<testsuite hostname="DESKTOP-286GMCI" failures="0" tests="1" name="demo.wp" time="7.379" errors="0" timestamp="2023-04-01T12:47:54 IST" skipped="0">
  <testcase classname="demo.wp" name="TC_001" time="7.379"/>
  <system-out/>
</testsuite> <!-- demo.wp -->
