<?xml version="1.0" encoding="UTF-8"?>
<!-- Generated by org.testng.reporters.JUnitReportReporter -->
<testsuite hostname="DESKTOP-286GMCI" failures="0" tests="1" name="Filpkart.Test_cls" time="9.701" errors="0" timestamp="2023-04-04T18:26:18 IST" skipped="0">
  <testcase classname="Filpkart.Test_cls" name="TC_001" time="9.701"/>
  <system-out/>
</testsuite> <!-- Filpkart.Test_cls -->
