<?xml version="1.0" encoding="UTF-8"?>
<!-- Generated by org.testng.reporters.JUnitReportReporter -->
<testsuite hostname="DESKTOP-286GMCI" failures="0" tests="1" name="amazon.test_class" time="5.672" errors="0" timestamp="2023-04-05T18:24:44 IST" skipped="0">
  <testcase classname="amazon.test_class" name="TC_001" time="5.672"/>
  <system-out/>
</testsuite> <!-- amazon.test_class -->
