<?xml version="1.0" encoding="UTF-8"?>
<!-- Generated by org.testng.reporters.JUnitReportReporter -->
<testsuite hostname="DESKTOP-286GMCI" failures="0" tests="1" name="demo.aaa" time="5.156" errors="0" timestamp="2023-04-03T20:41:57 IST" skipped="0">
  <testcase classname="demo.aaa" name="TC_001" time="5.156"/>
  <system-out/>
</testsuite> <!-- demo.aaa -->
