<?xml version="1.0" encoding="UTF-8"?>
<!-- Generated by org.testng.reporters.JUnitReportReporter -->
<testsuite hostname="DESKTOP-286GMCI" failures="0" tests="1" name="demo.cls" time="5.942" errors="0" timestamp="2023-04-01T19:32:21 IST" skipped="0">
  <testcase classname="demo.cls" name="TC_001" time="5.942"/>
  <system-out/>
</testsuite> <!-- demo.cls -->
